#
# There is insufficient memory for the Java Runtime Environment to continue.
# Native memory allocation (mmap) failed to map 65536 bytes for Failed to commit metaspace.
# Possible reasons:
#   The system is out of physical RAM or swap space
#   The process is running with CompressedOops enabled, and the Java Heap may be blocking the growth of the native heap
# Possible solutions:
#   Reduce memory load on the system
#   Increase physical memory or swap space
#   Check if swap backing store is full
#   Decrease Java heap size (-Xmx/-Xms)
#   Decrease number of Java threads
#   Decrease Java thread stack sizes (-Xss)
#   Set larger code cache with -XX:ReservedCodeCacheSize=
#   JVM is running with Unscaled Compressed Oops mode in which the Java heap is
#     placed in the first 4GB address space. The Java Heap base address is the
#     maximum limit for the native heap growth. Please use -XX:HeapBaseMinAddress
#     to set the Java Heap base and to place the Java Heap above 4GB virtual address.
# This output file may be truncated or incomplete.
#
#  Out of Memory Error (virtualSpaceNode.cpp:110), pid=612, tid=22620
#
# JRE version: OpenJDK Runtime Environment Temurin-17.0.2+8 (17.0.2+8) (build 17.0.2+8)
# Java VM: OpenJDK 64-Bit Server VM Temurin-17.0.2+8 (17.0.2+8, mixed mode, emulated-client, tiered, compressed oops, compressed class ptrs, g1 gc, windows-amd64)
# No core dump will be written. Minidumps are not enabled by default on client versions of Windows
#

---------------  S U M M A R Y ------------

Command Line: -Dsts.lsp.client=vscode -Dsts.log.file=/dev/null -XX:TieredStopAtLevel=1 -Dspring.config.location=file:c:\Users\USER\.vscode\extensions\pivotal.vscode-spring-boot-1.33.0\language-server\BOOT-INF\classes\application.properties org.springframework.ide.vscode.boot.app.BootLanguageServerBootApp

Host: Intel(R) Core(TM) i7-8550U CPU @ 1.80GHz, 8 cores, 7G,  Windows 11 , 64 bit Build 22000 (10.0.22000.675)
Time: Fri Jun  3 01:40:43 2022 Greenwich elapsed time: 24.055122 seconds (0d 0h 0m 24s)

---------------  T H R E A D  ---------------

Current thread (0x0000019917a339d0):  JavaThread "main" [_thread_in_vm, id=22620, stack(0x000000257f900000,0x000000257fa00000)]

Stack: [0x000000257f900000,0x000000257fa00000]
Native frames: (J=compiled Java code, j=interpreted, Vv=VM code, C=native code)
V  [jvm.dll+0x67564a]
V  [jvm.dll+0x82fc04]
V  [jvm.dll+0x8313ae]
V  [jvm.dll+0x831a13]
V  [jvm.dll+0x245235]
V  [jvm.dll+0x82bbab]
V  [jvm.dll+0x61a336]
V  [jvm.dll+0x61a39a]
V  [jvm.dll+0x61cbba]
V  [jvm.dll+0x61acd6]
V  [jvm.dll+0x624a37]
V  [jvm.dll+0x1e9eab]
V  [jvm.dll+0x1ea3e5]
V  [jvm.dll+0x1eae1f]
V  [jvm.dll+0x1e02c1]
V  [jvm.dll+0x53b6e0]
V  [jvm.dll+0x1f0ab7]
V  [jvm.dll+0x7aa1bb]
V  [jvm.dll+0x7ab562]
V  [jvm.dll+0x7ab898]
V  [jvm.dll+0x23d51e]
V  [jvm.dll+0x23d76f]
V  [jvm.dll+0x558d38]
V  [jvm.dll+0x55bba0]
V  [jvm.dll+0x382937]
V  [jvm.dll+0x381f8f]
C  0x000001991a6d91cc

Java frames: (J=compiled Java code, j=interpreted, Vv=VM code)
j  java.util.stream.FindOps$FindSink$OfInt.<clinit>()V+8 java.base@17.0.2
v  ~StubRoutines::call_stub
j  java.util.stream.FindOps.makeInt(Z)Ljava/util/stream/TerminalOp;+4 java.base@17.0.2
j  java.util.stream.IntPipeline.findFirst()Ljava/util/OptionalInt;+2 java.base@17.0.2
j  java.text.DecimalFormatSymbols.findNonFormatChar(Ljava/lang/String;C)C+14 java.base@17.0.2
j  java.text.DecimalFormatSymbols.initialize(Ljava/util/Locale;)V+113 java.base@17.0.2
j  java.text.DecimalFormatSymbols.<init>(Ljava/util/Locale;)V+11 java.base@17.0.2
j  sun.util.locale.provider.DecimalFormatSymbolsProviderImpl.getInstance(Ljava/util/Locale;)Ljava/text/DecimalFormatSymbols;+17 java.base@17.0.2
j  java.text.DecimalFormatSymbols.getInstance(Ljava/util/Locale;)Ljava/text/DecimalFormatSymbols;+14 java.base@17.0.2
j  sun.util.locale.provider.NumberFormatProviderImpl.getInstance(Ljava/util/Locale;I)Ljava/text/NumberFormat;+51 java.base@17.0.2
j  sun.util.locale.provider.NumberFormatProviderImpl.getIntegerInstance(Ljava/util/Locale;)Ljava/text/NumberFormat;+3 java.base@17.0.2
j  java.text.NumberFormat.getInstance(Lsun/util/locale/provider/LocaleProviderAdapter;Ljava/util/Locale;Ljava/text/NumberFormat$Style;I)Ljava/text/NumberFormat;+74 java.base@17.0.2
j  java.text.NumberFormat.getInstance(Ljava/util/Locale;Ljava/text/NumberFormat$Style;I)Ljava/text/NumberFormat;+11 java.base@17.0.2
j  java.text.NumberFormat.getIntegerInstance(Ljava/util/Locale;)Ljava/text/NumberFormat;+3 java.base@17.0.2
j  java.text.SimpleDateFormat.initialize(Ljava/util/Locale;)V+37 java.base@17.0.2
j  java.text.SimpleDateFormat.<init>(Ljava/lang/String;Ljava/util/Locale;)V+66 java.base@17.0.2
j  java.text.SimpleDateFormat.<init>(Ljava/lang/String;)V+8 java.base@17.0.2
j  ch.qos.logback.core.util.CachingDateFormatter.<init>(Ljava/lang/String;)V+22
j  ch.qos.logback.classic.pattern.DateConverter.start()V+30
j  ch.qos.logback.core.pattern.ConverterUtil.startConverters(Lch/qos/logback/core/pattern/Converter;)V+47
j  ch.qos.logback.core.pattern.PatternLayoutBase.start()V+108
j  ch.qos.logback.classic.encoder.PatternLayoutEncoder.start()V+33
j  ch.qos.logback.core.joran.action.NestedComplexPropertyIA.end(Lch/qos/logback/core/joran/spi/InterpretationContext;Ljava/lang/String;)V+99
j  ch.qos.logback.core.joran.spi.Interpreter.callEndAction(Ljava/util/List;Ljava/lang/String;)V+39
j  ch.qos.logback.core.joran.spi.Interpreter.endElement(Ljava/lang/String;Ljava/lang/String;Ljava/lang/String;)V+58
j  ch.qos.logback.core.joran.spi.Interpreter.endElement(Lch/qos/logback/core/joran/event/EndEvent;)V+21
j  ch.qos.logback.core.joran.spi.EventPlayer.play(Ljava/util/List;)V+127
j  ch.qos.logback.core.joran.GenericConfigurator.doConfigure(Ljava/util/List;)V+24
j  ch.qos.logback.core.joran.GenericConfigurator.doConfigure(Lorg/xml/sax/InputSource;)V+30
j  ch.qos.logback.core.joran.GenericConfigurator.doConfigure(Ljava/io/InputStream;Ljava/lang/String;)V+16
j  ch.qos.logback.core.joran.GenericConfigurator.doConfigure(Ljava/net/URL;)V+31
j  ch.qos.logback.classic.util.ContextInitializer.configureByResource(Ljava/net/URL;)V+103
j  ch.qos.logback.classic.util.ContextInitializer.autoConfig()V+19
j  org.slf4j.impl.StaticLoggerBinder.init()V+11
j  org.slf4j.impl.StaticLoggerBinder.<clinit>()V+28
v  ~StubRoutines::call_stub
j  org.slf4j.LoggerFactory.bind()V+16
j  org.slf4j.LoggerFactory.performInitialization()V+0
j  org.slf4j.LoggerFactory.getILoggerFactory()Lorg/slf4j/ILoggerFactory;+22
j  org.slf4j.LoggerFactory.getLogger(Ljava/lang/String;)Lorg/slf4j/Logger;+0
j  reactor.util.Loggers$Slf4JLoggerFactory.getLogger(Ljava/lang/String;)Lreactor/util/Logger;+5
j  reactor.util.Loggers.useSl4jLoggers()V+17
j  reactor.util.Loggers.resetLoggerFactory()V+0
j  reactor.util.Loggers.<clinit>()V+0
v  ~StubRoutines::call_stub
j  reactor.core.publisher.Hooks.<clinit>()V+2
v  ~StubRoutines::call_stub
j  org.springframework.ide.vscode.boot.app.BootLanguageServerBootApp.main([Ljava/lang/String;)V+0
v  ~StubRoutines::call_stub

---------------  P R O C E S S  ---------------

Threads class SMR info:
_java_thread_list=0x0000019924d45510, length=13, elements={
0x0000019917a339d0, 0x0000019924db0380, 0x0000019924db18a0, 0x0000019924df0530,
0x0000019924df10b0, 0x0000019924df3120, 0x0000019924df4180, 0x0000019924df8790,
0x0000019924df9830, 0x0000019925940400, 0x0000019925952d70, 0x0000019925ad7d30,
0x0000019925bd4a40
}

Java Threads: ( => current thread )
=>0x0000019917a339d0 JavaThread "main" [_thread_in_vm, id=22620, stack(0x000000257f900000,0x000000257fa00000)]
  0x0000019924db0380 JavaThread "Reference Handler" daemon [_thread_blocked, id=21400, stack(0x0000002500000000,0x0000002500100000)]
  0x0000019924db18a0 JavaThread "Finalizer" daemon [_thread_blocked, id=19496, stack(0x0000002500100000,0x0000002500200000)]
  0x0000019924df0530 JavaThread "Signal Dispatcher" daemon [_thread_blocked, id=23108, stack(0x0000002500200000,0x0000002500300000)]
  0x0000019924df10b0 JavaThread "Attach Listener" daemon [_thread_blocked, id=7940, stack(0x0000002500300000,0x0000002500400000)]
  0x0000019924df3120 JavaThread "Service Thread" daemon [_thread_blocked, id=16848, stack(0x0000002500400000,0x0000002500500000)]
  0x0000019924df4180 JavaThread "Monitor Deflation Thread" daemon [_thread_blocked, id=11144, stack(0x0000002500500000,0x0000002500600000)]
  0x0000019924df8790 JavaThread "C1 CompilerThread0" daemon [_thread_blocked, id=18060, stack(0x0000002500600000,0x0000002500700000)]
  0x0000019924df9830 JavaThread "Sweeper thread" daemon [_thread_blocked, id=16760, stack(0x0000002500700000,0x0000002500800000)]
  0x0000019925940400 JavaThread "Notification Thread" daemon [_thread_blocked, id=20120, stack(0x0000002500a00000,0x0000002500b00000)]
  0x0000019925952d70 JavaThread "Common-Cleaner" daemon [_thread_blocked, id=10232, stack(0x0000002500c00000,0x0000002500d00000)]
  0x0000019925ad7d30 JavaThread "C1 CompilerThread1" daemon [_thread_blocked, id=13276, stack(0x0000002500800000,0x0000002500900000)]
  0x0000019925bd4a40 JavaThread "C1 CompilerThread2" daemon [_thread_blocked, id=18236, stack(0x0000002500900000,0x0000002500a00000)]

Other Threads:
  0x0000019924d89d00 VMThread "VM Thread" [stack: 0x000000257ff00000,0x0000002580000000] [id=14908]
  0x0000019917a8f220 WatcherThread [stack: 0x0000002500b00000,0x0000002500c00000] [id=3592]
  0x0000019917a754c0 GCTaskThread "GC Thread#0" [stack: 0x000000257fa00000,0x000000257fb00000] [id=16548]
  0x0000019917a87f70 ConcurrentGCThread "G1 Main Marker" [stack: 0x000000257fb00000,0x000000257fc00000] [id=12348]
  0x0000019917a89030 ConcurrentGCThread "G1 Conc#0" [stack: 0x000000257fc00000,0x000000257fd00000] [id=9280]
  0x0000019924c10090 ConcurrentGCThread "G1 Refine#0" [stack: 0x000000257fd00000,0x000000257fe00000] [id=6812]
  0x0000019924c108c0 ConcurrentGCThread "G1 Service" [stack: 0x000000257fe00000,0x000000257ff00000] [id=11912]

Threads with active compile tasks:

VM state: not at safepoint (normal execution)

VM Mutex/Monitor currently owned by a thread:  ([mutex/lock_event])
[0x000001991587a580] Metaspace_lock - owner thread: 0x0000019917a339d0

Heap address: 0x0000000081e00000, size: 2018 MB, Compressed Oops mode: 32-bit

CDS archive(s) not mapped
Compressed class space mapped at: 0x0000000100000000-0x0000000140000000, reserved size: 1073741824
Narrow klass base: 0x0000000000000000, Narrow klass shift: 3, Narrow klass range: 0x140000000

GC Precious Log:
 CPUs: 8 total, 8 available
 Memory: 8065M
 Large Page Support: Disabled
 NUMA Support: Disabled
 Compressed Oops: Enabled (32-bit)
 Heap Region Size: 1M
 Heap Min Capacity: 8M
 Heap Initial Capacity: 128M
 Heap Max Capacity: 2018M
 Pre-touch: Disabled
 Parallel Workers: 8
 Concurrent Workers: 2
 Concurrent Refinement Workers: 8
 Periodic GC: Disabled

Heap:
 garbage-first heap   total 131072K, used 15360K [0x0000000081e00000, 0x0000000100000000)
  region size 1024K, 16 young (16384K), 0 survivors (0K)
 Metaspace       used 9265K, committed 9408K, reserved 1064960K
  class space    used 1043K, committed 1152K, reserved 1048576K

Heap Regions: E=young(eden), S=young(survivor), O=old, HS=humongous(starts), HC=humongous(continues), CS=collection set, F=free, OA=open archive, CA=closed archive, TAMS=top-at-mark-start (previous, next)
|   0|0x0000000081e00000, 0x0000000081e00000, 0x0000000081f00000|  0%| F|  |TAMS 0x0000000081e00000, 0x0000000081e00000| Untracked 
|   1|0x0000000081f00000, 0x0000000081f00000, 0x0000000082000000|  0%| F|  |TAMS 0x0000000081f00000, 0x0000000081f00000| Untracked 
|   2|0x0000000082000000, 0x0000000082000000, 0x0000000082100000|  0%| F|  |TAMS 0x0000000082000000, 0x0000000082000000| Untracked 
|   3|0x0000000082100000, 0x0000000082100000, 0x0000000082200000|  0%| F|  |TAMS 0x0000000082100000, 0x0000000082100000| Untracked 
|   4|0x0000000082200000, 0x0000000082200000, 0x0000000082300000|  0%| F|  |TAMS 0x0000000082200000, 0x0000000082200000| Untracked 
|   5|0x0000000082300000, 0x0000000082300000, 0x0000000082400000|  0%| F|  |TAMS 0x0000000082300000, 0x0000000082300000| Untracked 
|   6|0x0000000082400000, 0x0000000082400000, 0x0000000082500000|  0%| F|  |TAMS 0x0000000082400000, 0x0000000082400000| Untracked 
|   7|0x0000000082500000, 0x0000000082500000, 0x0000000082600000|  0%| F|  |TAMS 0x0000000082500000, 0x0000000082500000| Untracked 
|   8|0x0000000082600000, 0x0000000082600000, 0x0000000082700000|  0%| F|  |TAMS 0x0000000082600000, 0x0000000082600000| Untracked 
|   9|0x0000000082700000, 0x0000000082700000, 0x0000000082800000|  0%| F|  |TAMS 0x0000000082700000, 0x0000000082700000| Untracked 
|  10|0x0000000082800000, 0x0000000082800000, 0x0000000082900000|  0%| F|  |TAMS 0x0000000082800000, 0x0000000082800000| Untracked 
|  11|0x0000000082900000, 0x0000000082900000, 0x0000000082a00000|  0%| F|  |TAMS 0x0000000082900000, 0x0000000082900000| Untracked 
|  12|0x0000000082a00000, 0x0000000082a00000, 0x0000000082b00000|  0%| F|  |TAMS 0x0000000082a00000, 0x0000000082a00000| Untracked 
|  13|0x0000000082b00000, 0x0000000082b00000, 0x0000000082c00000|  0%| F|  |TAMS 0x0000000082b00000, 0x0000000082b00000| Untracked 
|  14|0x0000000082c00000, 0x0000000082c00000, 0x0000000082d00000|  0%| F|  |TAMS 0x0000000082c00000, 0x0000000082c00000| Untracked 
|  15|0x0000000082d00000, 0x0000000082d00000, 0x0000000082e00000|  0%| F|  |TAMS 0x0000000082d00000, 0x0000000082d00000| Untracked 
|  16|0x0000000082e00000, 0x0000000082e00000, 0x0000000082f00000|  0%| F|  |TAMS 0x0000000082e00000, 0x0000000082e00000| Untracked 
|  17|0x0000000082f00000, 0x0000000082f00000, 0x0000000083000000|  0%| F|  |TAMS 0x0000000082f00000, 0x0000000082f00000| Untracked 
|  18|0x0000000083000000, 0x0000000083000000, 0x0000000083100000|  0%| F|  |TAMS 0x0000000083000000, 0x0000000083000000| Untracked 
|  19|0x0000000083100000, 0x0000000083100000, 0x0000000083200000|  0%| F|  |TAMS 0x0000000083100000, 0x0000000083100000| Untracked 
|  20|0x0000000083200000, 0x0000000083200000, 0x0000000083300000|  0%| F|  |TAMS 0x0000000083200000, 0x0000000083200000| Untracked 
|  21|0x0000000083300000, 0x0000000083300000, 0x0000000083400000|  0%| F|  |TAMS 0x0000000083300000, 0x0000000083300000| Untracked 
|  22|0x0000000083400000, 0x0000000083400000, 0x0000000083500000|  0%| F|  |TAMS 0x0000000083400000, 0x0000000083400000| Untracked 
|  23|0x0000000083500000, 0x0000000083500000, 0x0000000083600000|  0%| F|  |TAMS 0x0000000083500000, 0x0000000083500000| Untracked 
|  24|0x0000000083600000, 0x0000000083600000, 0x0000000083700000|  0%| F|  |TAMS 0x0000000083600000, 0x0000000083600000| Untracked 
|  25|0x0000000083700000, 0x0000000083700000, 0x0000000083800000|  0%| F|  |TAMS 0x0000000083700000, 0x0000000083700000| Untracked 
|  26|0x0000000083800000, 0x0000000083800000, 0x0000000083900000|  0%| F|  |TAMS 0x0000000083800000, 0x0000000083800000| Untracked 
|  27|0x0000000083900000, 0x0000000083900000, 0x0000000083a00000|  0%| F|  |TAMS 0x0000000083900000, 0x0000000083900000| Untracked 
|  28|0x0000000083a00000, 0x0000000083a00000, 0x0000000083b00000|  0%| F|  |TAMS 0x0000000083a00000, 0x0000000083a00000| Untracked 
|  29|0x0000000083b00000, 0x0000000083b00000, 0x0000000083c00000|  0%| F|  |TAMS 0x0000000083b00000, 0x0000000083b00000| Untracked 
|  30|0x0000000083c00000, 0x0000000083c00000, 0x0000000083d00000|  0%| F|  |TAMS 0x0000000083c00000, 0x0000000083c00000| Untracked 
|  31|0x0000000083d00000, 0x0000000083d00000, 0x0000000083e00000|  0%| F|  |TAMS 0x0000000083d00000, 0x0000000083d00000| Untracked 
|  32|0x0000000083e00000, 0x0000000083e00000, 0x0000000083f00000|  0%| F|  |TAMS 0x0000000083e00000, 0x0000000083e00000| Untracked 
|  33|0x0000000083f00000, 0x0000000083f00000, 0x0000000084000000|  0%| F|  |TAMS 0x0000000083f00000, 0x0000000083f00000| Untracked 
|  34|0x0000000084000000, 0x0000000084000000, 0x0000000084100000|  0%| F|  |TAMS 0x0000000084000000, 0x0000000084000000| Untracked 
|  35|0x0000000084100000, 0x0000000084100000, 0x0000000084200000|  0%| F|  |TAMS 0x0000000084100000, 0x0000000084100000| Untracked 
|  36|0x0000000084200000, 0x0000000084200000, 0x0000000084300000|  0%| F|  |TAMS 0x0000000084200000, 0x0000000084200000| Untracked 
|  37|0x0000000084300000, 0x0000000084300000, 0x0000000084400000|  0%| F|  |TAMS 0x0000000084300000, 0x0000000084300000| Untracked 
|  38|0x0000000084400000, 0x0000000084400000, 0x0000000084500000|  0%| F|  |TAMS 0x0000000084400000, 0x0000000084400000| Untracked 
|  39|0x0000000084500000, 0x0000000084500000, 0x0000000084600000|  0%| F|  |TAMS 0x0000000084500000, 0x0000000084500000| Untracked 
|  40|0x0000000084600000, 0x0000000084600000, 0x0000000084700000|  0%| F|  |TAMS 0x0000000084600000, 0x0000000084600000| Untracked 
|  41|0x0000000084700000, 0x0000000084700000, 0x0000000084800000|  0%| F|  |TAMS 0x0000000084700000, 0x0000000084700000| Untracked 
|  42|0x0000000084800000, 0x0000000084800000, 0x0000000084900000|  0%| F|  |TAMS 0x0000000084800000, 0x0000000084800000| Untracked 
|  43|0x0000000084900000, 0x0000000084900000, 0x0000000084a00000|  0%| F|  |TAMS 0x0000000084900000, 0x0000000084900000| Untracked 
|  44|0x0000000084a00000, 0x0000000084a00000, 0x0000000084b00000|  0%| F|  |TAMS 0x0000000084a00000, 0x0000000084a00000| Untracked 
|  45|0x0000000084b00000, 0x0000000084b00000, 0x0000000084c00000|  0%| F|  |TAMS 0x0000000084b00000, 0x0000000084b00000| Untracked 
|  46|0x0000000084c00000, 0x0000000084c00000, 0x0000000084d00000|  0%| F|  |TAMS 0x0000000084c00000, 0x0000000084c00000| Untracked 
|  47|0x0000000084d00000, 0x0000000084d00000, 0x0000000084e00000|  0%| F|  |TAMS 0x0000000084d00000, 0x0000000084d00000| Untracked 
|  48|0x0000000084e00000, 0x0000000084e00000, 0x0000000084f00000|  0%| F|  |TAMS 0x0000000084e00000, 0x0000000084e00000| Untracked 
|  49|0x0000000084f00000, 0x0000000084f00000, 0x0000000085000000|  0%| F|  |TAMS 0x0000000084f00000, 0x0000000084f00000| Untracked 
|  50|0x0000000085000000, 0x0000000085000000, 0x0000000085100000|  0%| F|  |TAMS 0x0000000085000000, 0x0000000085000000| Untracked 
|  51|0x0000000085100000, 0x0000000085100000, 0x0000000085200000|  0%| F|  |TAMS 0x0000000085100000, 0x0000000085100000| Untracked 
|  52|0x0000000085200000, 0x0000000085200000, 0x0000000085300000|  0%| F|  |TAMS 0x0000000085200000, 0x0000000085200000| Untracked 
|  53|0x0000000085300000, 0x0000000085300000, 0x0000000085400000|  0%| F|  |TAMS 0x0000000085300000, 0x0000000085300000| Untracked 
|  54|0x0000000085400000, 0x0000000085400000, 0x0000000085500000|  0%| F|  |TAMS 0x0000000085400000, 0x0000000085400000| Untracked 
|  55|0x0000000085500000, 0x0000000085500000, 0x0000000085600000|  0%| F|  |TAMS 0x0000000085500000, 0x0000000085500000| Untracked 
|  56|0x0000000085600000, 0x0000000085600000, 0x0000000085700000|  0%| F|  |TAMS 0x0000000085600000, 0x0000000085600000| Untracked 
|  57|0x0000000085700000, 0x0000000085700000, 0x0000000085800000|  0%| F|  |TAMS 0x0000000085700000, 0x0000000085700000| Untracked 
|  58|0x0000000085800000, 0x0000000085800000, 0x0000000085900000|  0%| F|  |TAMS 0x0000000085800000, 0x0000000085800000| Untracked 
|  59|0x0000000085900000, 0x0000000085900000, 0x0000000085a00000|  0%| F|  |TAMS 0x0000000085900000, 0x0000000085900000| Untracked 
|  60|0x0000000085a00000, 0x0000000085a00000, 0x0000000085b00000|  0%| F|  |TAMS 0x0000000085a00000, 0x0000000085a00000| Untracked 
|  61|0x0000000085b00000, 0x0000000085b00000, 0x0000000085c00000|  0%| F|  |TAMS 0x0000000085b00000, 0x0000000085b00000| Untracked 
|  62|0x0000000085c00000, 0x0000000085c00000, 0x0000000085d00000|  0%| F|  |TAMS 0x0000000085c00000, 0x0000000085c00000| Untracked 
|  63|0x0000000085d00000, 0x0000000085d00000, 0x0000000085e00000|  0%| F|  |TAMS 0x0000000085d00000, 0x0000000085d00000| Untracked 
|  64|0x0000000085e00000, 0x0000000085e00000, 0x0000000085f00000|  0%| F|  |TAMS 0x0000000085e00000, 0x0000000085e00000| Untracked 
|  65|0x0000000085f00000, 0x0000000085f00000, 0x0000000086000000|  0%| F|  |TAMS 0x0000000085f00000, 0x0000000085f00000| Untracked 
|  66|0x0000000086000000, 0x0000000086000000, 0x0000000086100000|  0%| F|  |TAMS 0x0000000086000000, 0x0000000086000000| Untracked 
|  67|0x0000000086100000, 0x0000000086100000, 0x0000000086200000|  0%| F|  |TAMS 0x0000000086100000, 0x0000000086100000| Untracked 
|  68|0x0000000086200000, 0x0000000086200000, 0x0000000086300000|  0%| F|  |TAMS 0x0000000086200000, 0x0000000086200000| Untracked 
|  69|0x0000000086300000, 0x0000000086300000, 0x0000000086400000|  0%| F|  |TAMS 0x0000000086300000, 0x0000000086300000| Untracked 
|  70|0x0000000086400000, 0x0000000086400000, 0x0000000086500000|  0%| F|  |TAMS 0x0000000086400000, 0x0000000086400000| Untracked 
|  71|0x0000000086500000, 0x0000000086500000, 0x0000000086600000|  0%| F|  |TAMS 0x0000000086500000, 0x0000000086500000| Untracked 
|  72|0x0000000086600000, 0x0000000086600000, 0x0000000086700000|  0%| F|  |TAMS 0x0000000086600000, 0x0000000086600000| Untracked 
|  73|0x0000000086700000, 0x0000000086700000, 0x0000000086800000|  0%| F|  |TAMS 0x0000000086700000, 0x0000000086700000| Untracked 
|  74|0x0000000086800000, 0x0000000086800000, 0x0000000086900000|  0%| F|  |TAMS 0x0000000086800000, 0x0000000086800000| Untracked 
|  75|0x0000000086900000, 0x0000000086900000, 0x0000000086a00000|  0%| F|  |TAMS 0x0000000086900000, 0x0000000086900000| Untracked 
|  76|0x0000000086a00000, 0x0000000086a00000, 0x0000000086b00000|  0%| F|  |TAMS 0x0000000086a00000, 0x0000000086a00000| Untracked 
|  77|0x0000000086b00000, 0x0000000086b00000, 0x0000000086c00000|  0%| F|  |TAMS 0x0000000086b00000, 0x0000000086b00000| Untracked 
|  78|0x0000000086c00000, 0x0000000086c00000, 0x0000000086d00000|  0%| F|  |TAMS 0x0000000086c00000, 0x0000000086c00000| Untracked 
|  79|0x0000000086d00000, 0x0000000086d00000, 0x0000000086e00000|  0%| F|  |TAMS 0x0000000086d00000, 0x0000000086d00000| Untracked 
|  80|0x0000000086e00000, 0x0000000086e00000, 0x0000000086f00000|  0%| F|  |TAMS 0x0000000086e00000, 0x0000000086e00000| Untracked 
|  81|0x0000000086f00000, 0x0000000086f00000, 0x0000000087000000|  0%| F|  |TAMS 0x0000000086f00000, 0x0000000086f00000| Untracked 
|  82|0x0000000087000000, 0x0000000087000000, 0x0000000087100000|  0%| F|  |TAMS 0x0000000087000000, 0x0000000087000000| Untracked 
|  83|0x0000000087100000, 0x0000000087100000, 0x0000000087200000|  0%| F|  |TAMS 0x0000000087100000, 0x0000000087100000| Untracked 
|  84|0x0000000087200000, 0x0000000087200000, 0x0000000087300000|  0%| F|  |TAMS 0x0000000087200000, 0x0000000087200000| Untracked 
|  85|0x0000000087300000, 0x0000000087300000, 0x0000000087400000|  0%| F|  |TAMS 0x0000000087300000, 0x0000000087300000| Untracked 
|  86|0x0000000087400000, 0x0000000087400000, 0x0000000087500000|  0%| F|  |TAMS 0x0000000087400000, 0x0000000087400000| Untracked 
|  87|0x0000000087500000, 0x0000000087500000, 0x0000000087600000|  0%| F|  |TAMS 0x0000000087500000, 0x0000000087500000| Untracked 
|  88|0x0000000087600000, 0x0000000087600000, 0x0000000087700000|  0%| F|  |TAMS 0x0000000087600000, 0x0000000087600000| Untracked 
|  89|0x0000000087700000, 0x0000000087700000, 0x0000000087800000|  0%| F|  |TAMS 0x0000000087700000, 0x0000000087700000| Untracked 
|  90|0x0000000087800000, 0x0000000087800000, 0x0000000087900000|  0%| F|  |TAMS 0x0000000087800000, 0x0000000087800000| Untracked 
|  91|0x0000000087900000, 0x0000000087900000, 0x0000000087a00000|  0%| F|  |TAMS 0x0000000087900000, 0x0000000087900000| Untracked 
|  92|0x0000000087a00000, 0x0000000087a00000, 0x0000000087b00000|  0%| F|  |TAMS 0x0000000087a00000, 0x0000000087a00000| Untracked 
|  93|0x0000000087b00000, 0x0000000087b00000, 0x0000000087c00000|  0%| F|  |TAMS 0x0000000087b00000, 0x0000000087b00000| Untracked 
|  94|0x0000000087c00000, 0x0000000087c00000, 0x0000000087d00000|  0%| F|  |TAMS 0x0000000087c00000, 0x0000000087c00000| Untracked 
|  95|0x0000000087d00000, 0x0000000087d00000, 0x0000000087e00000|  0%| F|  |TAMS 0x0000000087d00000, 0x0000000087d00000| Untracked 
|  96|0x0000000087e00000, 0x0000000087e00000, 0x0000000087f00000|  0%| F|  |TAMS 0x0000000087e00000, 0x0000000087e00000| Untracked 
|  97|0x0000000087f00000, 0x0000000087f00000, 0x0000000088000000|  0%| F|  |TAMS 0x0000000087f00000, 0x0000000087f00000| Untracked 
|  98|0x0000000088000000, 0x0000000088000000, 0x0000000088100000|  0%| F|  |TAMS 0x0000000088000000, 0x0000000088000000| Untracked 
|  99|0x0000000088100000, 0x0000000088100000, 0x0000000088200000|  0%| F|  |TAMS 0x0000000088100000, 0x0000000088100000| Untracked 
| 100|0x0000000088200000, 0x0000000088200000, 0x0000000088300000|  0%| F|  |TAMS 0x0000000088200000, 0x0000000088200000| Untracked 
| 101|0x0000000088300000, 0x0000000088300000, 0x0000000088400000|  0%| F|  |TAMS 0x0000000088300000, 0x0000000088300000| Untracked 
| 102|0x0000000088400000, 0x0000000088400000, 0x0000000088500000|  0%| F|  |TAMS 0x0000000088400000, 0x0000000088400000| Untracked 
| 103|0x0000000088500000, 0x0000000088500000, 0x0000000088600000|  0%| F|  |TAMS 0x0000000088500000, 0x0000000088500000| Untracked 
| 104|0x0000000088600000, 0x0000000088600000, 0x0000000088700000|  0%| F|  |TAMS 0x0000000088600000, 0x0000000088600000| Untracked 
| 105|0x0000000088700000, 0x0000000088700000, 0x0000000088800000|  0%| F|  |TAMS 0x0000000088700000, 0x0000000088700000| Untracked 
| 106|0x0000000088800000, 0x0000000088800000, 0x0000000088900000|  0%| F|  |TAMS 0x0000000088800000, 0x0000000088800000| Untracked 
| 107|0x0000000088900000, 0x0000000088900000, 0x0000000088a00000|  0%| F|  |TAMS 0x0000000088900000, 0x0000000088900000| Untracked 
| 108|0x0000000088a00000, 0x0000000088a00000, 0x0000000088b00000|  0%| F|  |TAMS 0x0000000088a00000, 0x0000000088a00000| Untracked 
| 109|0x0000000088b00000, 0x0000000088b00000, 0x0000000088c00000|  0%| F|  |TAMS 0x0000000088b00000, 0x0000000088b00000| Untracked 
| 110|0x0000000088c00000, 0x0000000088c00000, 0x0000000088d00000|  0%| F|  |TAMS 0x0000000088c00000, 0x0000000088c00000| Untracked 
| 111|0x0000000088d00000, 0x0000000088d00000, 0x0000000088e00000|  0%| F|  |TAMS 0x0000000088d00000, 0x0000000088d00000| Untracked 
| 112|0x0000000088e00000, 0x0000000088eec098, 0x0000000088f00000| 92%| E|  |TAMS 0x0000000088e00000, 0x0000000088e00000| Complete 
| 113|0x0000000088f00000, 0x0000000089000000, 0x0000000089000000|100%| E|CS|TAMS 0x0000000088f00000, 0x0000000088f00000| Complete 
| 114|0x0000000089000000, 0x0000000089100000, 0x0000000089100000|100%| E|CS|TAMS 0x0000000089000000, 0x0000000089000000| Complete 
| 115|0x0000000089100000, 0x0000000089200000, 0x0000000089200000|100%| E|CS|TAMS 0x0000000089100000, 0x0000000089100000| Complete 
| 116|0x0000000089200000, 0x0000000089300000, 0x0000000089300000|100%| E|CS|TAMS 0x0000000089200000, 0x0000000089200000| Complete 
| 117|0x0000000089300000, 0x0000000089400000, 0x0000000089400000|100%| E|CS|TAMS 0x0000000089300000, 0x0000000089300000| Complete 
| 118|0x0000000089400000, 0x0000000089500000, 0x0000000089500000|100%| E|CS|TAMS 0x0000000089400000, 0x0000000089400000| Complete 
| 119|0x0000000089500000, 0x0000000089600000, 0x0000000089600000|100%| E|CS|TAMS 0x0000000089500000, 0x0000000089500000| Complete 
| 120|0x0000000089600000, 0x0000000089700000, 0x0000000089700000|100%| E|CS|TAMS 0x0000000089600000, 0x0000000089600000| Complete 
| 121|0x0000000089700000, 0x0000000089800000, 0x0000000089800000|100%| E|CS|TAMS 0x0000000089700000, 0x0000000089700000| Complete 
| 122|0x0000000089800000, 0x0000000089900000, 0x0000000089900000|100%| E|CS|TAMS 0x0000000089800000, 0x0000000089800000| Complete 
| 123|0x0000000089900000, 0x0000000089a00000, 0x0000000089a00000|100%| E|CS|TAMS 0x0000000089900000, 0x0000000089900000| Complete 
| 124|0x0000000089a00000, 0x0000000089b00000, 0x0000000089b00000|100%| E|CS|TAMS 0x0000000089a00000, 0x0000000089a00000| Complete 
| 125|0x0000000089b00000, 0x0000000089c00000, 0x0000000089c00000|100%| E|CS|TAMS 0x0000000089b00000, 0x0000000089b00000| Complete 
| 126|0x0000000089c00000, 0x0000000089d00000, 0x0000000089d00000|100%| E|CS|TAMS 0x0000000089c00000, 0x0000000089c00000| Complete 
| 127|0x0000000089d00000, 0x0000000089e00000, 0x0000000089e00000|100%| E|CS|TAMS 0x0000000089d00000, 0x0000000089d00000| Complete 

Card table byte_map: [0x000001991dbd0000,0x000001991dfd0000] _byte_map_base: 0x000001991d7c1000

Marking Bits (Prev, Next): (CMBitMap*) 0x0000019917a77a00, (CMBitMap*) 0x0000019917a77a40
 Prev Bits: [0x000001991e3d0000, 0x0000019920358000)
 Next Bits: [0x0000019920360000, 0x00000199222e8000)

Polling page: 0x0000019917210000

Metaspace:

Usage:
  Non-class:      8.03 MB used.
      Class:      1.02 MB used.
       Both:      9.05 MB used.

Virtual space:
  Non-class space:       16.00 MB reserved,       8.06 MB ( 50%) committed,  2 nodes.
      Class space:        1.00 GB reserved,       1.12 MB ( <1%) committed,  1 nodes.
             Both:        1.02 GB reserved,       9.19 MB ( <1%) committed. 

Chunk freelists:
   Non-Class:  3.89 MB
       Class:  2.75 MB
        Both:  6.64 MB

MaxMetaspaceSize: unlimited
CompressedClassSpaceSize: 1.00 GB
Initial GC threshold: 21.00 MB
Current GC threshold: 21.00 MB
CDS: off
MetaspaceReclaimPolicy: balanced
 - commit_granule_bytes: 65536.
 - commit_granule_words: 8192.
 - virtual_space_node_default_size: 1048576.
 - enlarge_chunks_in_place: 1.
 - new_chunks_are_fully_committed: 0.
 - uncommit_free_chunks: 1.
 - use_allocation_guard: 0.
 - handle_deallocations: 1.


Internal statistics:

num_allocs_failed_limit: 0.
num_arena_births: 32.
num_arena_deaths: 0.
num_vsnodes_births: 3.
num_vsnodes_deaths: 0.
num_space_committed: 147.
num_space_uncommitted: 0.
num_chunks_returned_to_freelist: 0.
num_chunks_taken_from_freelist: 120.
num_chunk_merges: 0.
num_chunk_splits: 85.
num_chunks_enlarged: 72.
num_purges: 0.
num_inconsistent_stats: 0.

CodeCache: size=49152Kb used=3304Kb max_used=3304Kb free=45847Kb
 bounds [0x000001991a6c0000, 0x000001991aa10000, 0x000001991d6c0000]
 total_blobs=1143 nmethods=740 adapters=329
 compilation: disabled (not enough contiguous free space left)
              stopped_count=1, restarted_count=0
 full_count=1

Compilation events (20 events):
Event: 24.031 Thread 0x0000019924df8790 nmethod 731 0x000001991a9f6d90 code [0x000001991a9f6f20, 0x000001991a9f7118]
Event: 24.031 Thread 0x0000019925ad7d30  724       1       sun.util.locale.LanguageTag::getScript (5 bytes)
Event: 24.031 Thread 0x0000019925bd4a40 nmethod 732 0x000001991a9f7190 code [0x000001991a9f7320, 0x000001991a9f74b8]
Event: 24.031 Thread 0x0000019924df8790  725       1       sun.util.locale.LanguageTag::getRegion (5 bytes)
Event: 24.031 Thread 0x0000019925bd4a40  726       1       sun.util.locale.LanguageTag::getPrivateuse (5 bytes)
Event: 24.031 Thread 0x0000019925ad7d30 nmethod 724 0x000001991a9f7510 code [0x000001991a9f76a0, 0x000001991a9f7778]
Event: 24.031 Thread 0x0000019924df8790 nmethod 725 0x000001991a9f7810 code [0x000001991a9f79a0, 0x000001991a9f7a78]
Event: 24.032 Thread 0x0000019925ad7d30  734       1       sun.util.locale.LanguageTag::isExtlang (21 bytes)
Event: 24.032 Thread 0x0000019925bd4a40 nmethod 726 0x000001991a9f7b10 code [0x000001991a9f7ca0, 0x000001991a9f7d78]
Event: 24.032 Thread 0x0000019924df8790  735       1       sun.util.locale.LanguageTag::isRegion (36 bytes)
Event: 24.032 Thread 0x0000019925bd4a40  736       1       java.util.Locale::<init> (15 bytes)
Event: 24.032 Thread 0x0000019925bd4a40 nmethod 736 0x000001991a9f7e10 code [0x000001991a9f7fa0, 0x000001991a9f80f8]
Event: 24.032 Thread 0x0000019925ad7d30 nmethod 734 0x000001991a9f8190 code [0x000001991a9f8340, 0x000001991a9f8598]
Event: 24.032 Thread 0x0000019925ad7d30  737       1       sun.util.locale.BaseLocale$Key::getBaseLocale (25 bytes)
Event: 24.032 Thread 0x0000019925bd4a40  738       1       sun.util.locale.BaseLocale::convertOldISOCodes (238 bytes)
Event: 24.033 Thread 0x0000019925ad7d30 nmethod 737 0x000001991a9f8790 code [0x000001991a9f8920, 0x000001991a9f8a78]
Event: 24.033 Thread 0x0000019925ad7d30  739       1       java.util.Locale::getInstance (55 bytes)
Event: 24.033 Thread 0x0000019925bd4a40 nmethod 738 0x000001991a9f8b10 code [0x000001991a9f8d00, 0x000001991a9f9048]
Event: 24.033 Thread 0x0000019924df8790 nmethod 735 0x000001991a9f9190 code [0x000001991a9f9360, 0x000001991a9f9738]
Event: 24.033 Thread 0x0000019925ad7d30 nmethod 739 0x000001991a9f9a10 code [0x000001991a9f9c00, 0x000001991a9f9e98]

GC Heap History (0 events):
No events

Deoptimization events (0 events):
No events

Classes unloaded (0 events):
No events

Classes redefined (0 events):
No events

Internal exceptions (2 events):
Event: 22.647 Thread 0x0000019917a339d0 Exception <a 'java/lang/ClassNotFoundException'{0x00000000896e4918}: javax/smartcardio/CardPermission> (0x00000000896e4918) 
thrown [e:\jenkins\tmp\workspace\build\src\src\hotspot\share\classfile\systemDictionary.cpp, line 256]
Event: 22.795 Thread 0x0000019917a339d0 Exception <a 'java/io/FileNotFoundException'{0x00000000896f2ed0}> (0x00000000896f2ed0) 
thrown [e:\jenkins\tmp\workspace\build\src\src\hotspot\share\prims\jni.cpp, line 516]

VM Operations (18 events):
Event: 1.142 Executing VM operation: Cleanup
Event: 1.142 Executing VM operation: Cleanup done
Event: 7.824 Executing VM operation: HandshakeAllThreads
Event: 7.824 Executing VM operation: HandshakeAllThreads done
Event: 8.838 Executing VM operation: Cleanup
Event: 8.838 Executing VM operation: Cleanup done
Event: 14.880 Executing VM operation: Cleanup
Event: 14.880 Executing VM operation: Cleanup done
Event: 15.884 Executing VM operation: Cleanup
Event: 15.884 Executing VM operation: Cleanup done
Event: 16.885 Executing VM operation: Cleanup
Event: 16.885 Executing VM operation: Cleanup done
Event: 22.919 Executing VM operation: Cleanup
Event: 22.950 Executing VM operation: Cleanup done
Event: 23.447 Executing VM operation: HandshakeAllThreads
Event: 23.447 Executing VM operation: HandshakeAllThreads done
Event: 23.881 Executing VM operation: HandshakeAllThreads
Event: 23.881 Executing VM operation: HandshakeAllThreads done

Events (20 events):
Event: 24.050 loading class java/util/stream/IntPipeline$Head done
Event: 24.050 loading class java/util/function/IntPredicate
Event: 24.050 loading class java/util/function/IntPredicate done
Event: 24.050 loading class java/util/stream/IntPipeline$10
Event: 24.051 loading class java/util/stream/IntPipeline$StatelessOp
Event: 24.051 loading class java/util/stream/IntPipeline$StatelessOp done
Event: 24.051 loading class java/util/stream/IntPipeline$10 done
Event: 24.051 loading class java/util/stream/FindOps
Event: 24.051 loading class java/util/stream/FindOps done
Event: 24.051 loading class java/util/stream/FindOps$FindSink$OfInt
Event: 24.051 loading class java/util/stream/Sink$OfInt
Event: 24.051 loading class java/util/function/IntConsumer
Event: 24.051 loading class java/util/function/IntConsumer done
Event: 24.051 loading class java/util/stream/Sink$OfInt done
Event: 24.051 loading class java/util/stream/FindOps$FindSink
Event: 24.051 loading class java/util/stream/FindOps$FindSink done
Event: 24.051 loading class java/util/stream/FindOps$FindSink$OfInt done
Event: 24.051 loading class java/util/stream/FindOps$FindOp
Event: 24.051 loading class java/util/stream/FindOps$FindOp done
Event: 24.051 loading class java/util/OptionalInt


Dynamic libraries:
0x00007ff6fa720000 - 0x00007ff6fa72e000 	c:\Users\USER\.vscode\extensions\redhat.java-1.6.0-win32-x64\jre\17.0.2-win32-x86_64\bin\java.exe
0x00007ffab8fa0000 - 0x00007ffab91a9000 	C:\Windows\SYSTEM32\ntdll.dll
0x00007ffab86c0000 - 0x00007ffab877d000 	C:\Windows\System32\KERNEL32.DLL
0x00007ffab6950000 - 0x00007ffab6cc9000 	C:\Windows\System32\KERNELBASE.dll
0x00007ffab6490000 - 0x00007ffab65a1000 	C:\Windows\System32\ucrtbase.dll
0x00007ffa95610000 - 0x00007ffa95629000 	c:\Users\USER\.vscode\extensions\redhat.java-1.6.0-win32-x64\jre\17.0.2-win32-x86_64\bin\VCRUNTIME140.dll
0x00007ffaa2f80000 - 0x00007ffaa2f98000 	c:\Users\USER\.vscode\extensions\redhat.java-1.6.0-win32-x64\jre\17.0.2-win32-x86_64\bin\jli.dll
0x00007ffab71f0000 - 0x00007ffab739c000 	C:\Windows\System32\USER32.dll
0x00007ffa989b0000 - 0x00007ffa98c55000 	C:\Windows\WinSxS\amd64_microsoft.windows.common-controls_6595b64144ccf1df_6.0.22000.120_none_9d947278b86cc467\COMCTL32.dll
0x00007ffab6790000 - 0x00007ffab67b6000 	C:\Windows\System32\win32u.dll
0x00007ffab7c20000 - 0x00007ffab7cc3000 	C:\Windows\System32\msvcrt.dll
0x00007ffab6e40000 - 0x00007ffab6e69000 	C:\Windows\System32\GDI32.dll
0x00007ffab6830000 - 0x00007ffab6942000 	C:\Windows\System32\gdi32full.dll
0x00007ffab66f0000 - 0x00007ffab678d000 	C:\Windows\System32\msvcp_win.dll
0x00007ffab7650000 - 0x00007ffab7681000 	C:\Windows\System32\IMM32.DLL
0x00007ffaa2f70000 - 0x00007ffaa2f7c000 	c:\Users\USER\.vscode\extensions\redhat.java-1.6.0-win32-x64\jre\17.0.2-win32-x86_64\bin\vcruntime140_1.dll
0x00007ffa95520000 - 0x00007ffa955b1000 	c:\Users\USER\.vscode\extensions\redhat.java-1.6.0-win32-x64\jre\17.0.2-win32-x86_64\bin\msvcp140.dll
0x00007ffa20080000 - 0x00007ffa20cc7000 	c:\Users\USER\.vscode\extensions\redhat.java-1.6.0-win32-x64\jre\17.0.2-win32-x86_64\bin\server\jvm.dll
0x00007ffab7b60000 - 0x00007ffab7c0e000 	C:\Windows\System32\ADVAPI32.dll
0x00007ffab7830000 - 0x00007ffab78ce000 	C:\Windows\System32\sechost.dll
0x00007ffab8940000 - 0x00007ffab8a60000 	C:\Windows\System32\RPCRT4.dll
0x00007ffab8f50000 - 0x00007ffab8f58000 	C:\Windows\System32\PSAPI.DLL
0x00007ffa9bec0000 - 0x00007ffa9bec9000 	C:\Windows\SYSTEM32\WSOCK32.dll
0x00007ffab7de0000 - 0x00007ffab7e4f000 	C:\Windows\System32\WS2_32.dll
0x00007ffaadb40000 - 0x00007ffaadb4a000 	C:\Windows\SYSTEM32\VERSION.dll
0x00007ffaaded0000 - 0x00007ffaadf03000 	C:\Windows\SYSTEM32\WINMM.dll
0x00007ffab5590000 - 0x00007ffab55a8000 	C:\Windows\SYSTEM32\kernel.appcore.dll
0x00007ffaa2eb0000 - 0x00007ffaa2eba000 	c:\Users\USER\.vscode\extensions\redhat.java-1.6.0-win32-x64\jre\17.0.2-win32-x86_64\bin\jimage.dll
0x00007ffab0c40000 - 0x00007ffab0e61000 	C:\Windows\SYSTEM32\DBGHELP.DLL
0x00007ffa9bf00000 - 0x00007ffa9bf31000 	C:\Windows\SYSTEM32\dbgcore.DLL
0x00007ffab6670000 - 0x00007ffab66ef000 	C:\Windows\System32\bcryptPrimitives.dll
0x00007ffa7c820000 - 0x00007ffa7c845000 	c:\Users\USER\.vscode\extensions\redhat.java-1.6.0-win32-x64\jre\17.0.2-win32-x86_64\bin\java.dll
0x00007ffa954f0000 - 0x00007ffa95508000 	c:\Users\USER\.vscode\extensions\redhat.java-1.6.0-win32-x64\jre\17.0.2-win32-x86_64\bin\zip.dll
0x00007ffab7e50000 - 0x00007ffab85ff000 	C:\Windows\System32\SHELL32.dll
0x00007ffab4600000 - 0x00007ffab4e68000 	C:\Windows\SYSTEM32\windows.storage.dll
0x00007ffab6e70000 - 0x00007ffab71e8000 	C:\Windows\System32\combase.dll
0x00007ffab4490000 - 0x00007ffab45f6000 	C:\Windows\SYSTEM32\wintypes.dll
0x00007ffab73a0000 - 0x00007ffab748a000 	C:\Windows\System32\SHCORE.dll
0x00007ffab8660000 - 0x00007ffab86bd000 	C:\Windows\System32\shlwapi.dll
0x00007ffab63c0000 - 0x00007ffab63e1000 	C:\Windows\SYSTEM32\profapi.dll
0x00007ffa7c800000 - 0x00007ffa7c819000 	C:\Users\USER\.vscode\extensions\redhat.java-1.6.0-win32-x64\jre\17.0.2-win32-x86_64\bin\net.dll
0x00007ffaadc20000 - 0x00007ffaadd2c000 	C:\Windows\SYSTEM32\WINHTTP.dll
0x00007ffab59c0000 - 0x00007ffab5a27000 	C:\Windows\system32\mswsock.dll
0x00007ffa7c7e0000 - 0x00007ffa7c7f5000 	C:\Users\USER\.vscode\extensions\redhat.java-1.6.0-win32-x64\jre\17.0.2-win32-x86_64\bin\nio.dll
0x00007ffa952c0000 - 0x00007ffa952d0000 	c:\Users\USER\.vscode\extensions\redhat.java-1.6.0-win32-x64\jre\17.0.2-win32-x86_64\bin\verify.dll

dbghelp: loaded successfully - version: 4.0.5 - missing functions: none
symbol engine: initialized successfully - sym options: 0x614 - pdb path: .;c:\Users\USER\.vscode\extensions\redhat.java-1.6.0-win32-x64\jre\17.0.2-win32-x86_64\bin;C:\Windows\SYSTEM32;C:\Windows\WinSxS\amd64_microsoft.windows.common-controls_6595b64144ccf1df_6.0.22000.120_none_9d947278b86cc467;c:\Users\USER\.vscode\extensions\redhat.java-1.6.0-win32-x64\jre\17.0.2-win32-x86_64\bin\server

VM Arguments:
jvm_args: -Dsts.lsp.client=vscode -Dsts.log.file=/dev/null -XX:TieredStopAtLevel=1 -Dspring.config.location=file:c:\Users\USER\.vscode\extensions\pivotal.vscode-spring-boot-1.33.0\language-server\BOOT-INF\classes\application.properties 
java_command: org.springframework.ide.vscode.boot.app.BootLanguageServerBootApp
java_class_path (initial): c:\Users\USER\.vscode\extensions\pivotal.vscode-spring-boot-1.33.0\language-server\BOOT-INF\classes;c:\Users\USER\.vscode\extensions\pivotal.vscode-spring-boot-1.33.0\language-server\BOOT-INF\lib\antlr4-runtime-4.5.3.jar;c:\Users\USER\.vscode\extensions\pivotal.vscode-spring-boot-1.33.0\language-server\BOOT-INF\lib\byte-buddy-1.10.18.jar;c:\Users\USER\.vscode\extensions\pivotal.vscode-spring-boot-1.33.0\language-server\BOOT-INF\lib\commons-codec-1.14.jar;c:\Users\USER\.vscode\extensions\pivotal.vscode-spring-boot-1.33.0\language-server\BOOT-INF\lib\commons-io-2.4.jar;c:\Users\USER\.vscode\extensions\pivotal.vscode-spring-boot-1.33.0\language-server\BOOT-INF\lib\commons-java-1.33.0-SNAPSHOT.jar;c:\Users\USER\.vscode\extensions\pivotal.vscode-spring-boot-1.33.0\language-server\BOOT-INF\lib\commons-lang3-3.10.jar;c:\Users\USER\.vscode\extensions\pivotal.vscode-spring-boot-1.33.0\language-server\BOOT-INF\lib\commons-language-server-1.33.0-SNAPSHOT.jar;c:\Users\USER\.vscode\extensions\pivotal.vscode-spring-boot-1.33.0\language-server\BOOT-INF\lib\commons-lsp-extensions-1.33.0-SNAPSHOT.jar;c:\Users\USER\.vscode\extensions\pivotal.vscode-spring-boot-1.33.0\language-server\BOOT-INF\lib\commons-util-1.33.0-SNAPSHOT.jar;c:\Users\USER\.vscode\extensions\pivotal.vscode-spring-boot-1.33.0\language-server\BOOT-INF\lib\commons-yaml-1.33.0-SNAPSHOT.jar;c:\Users\USER\.vscode\extensions\pivotal.vscode-spring-boot-1.33.0\language-server\BOOT-INF\lib\gson-2.8.6.jar;c:\Users\USER\.vscode\extensions\pivotal.vscode-spring-boot-1.33.0\language-server\BOOT-INF\lib\guava-19.0.jar;c:\Users\USER\.vscode\extensions\pivotal.vscode-spring-boot-1.33.0\language-server\BOOT-INF\lib\jakarta.annotation-api-1.3.5.jar;c:\Users\USER\.vscode\extensions\pivotal.vscode-spring-boot-1.33.0\language-server\BOOT-INF\lib\jandex-2.0.5.Final.jar;c:\Users\USER\.vscode\extensions\pivotal.vscode-spring-boot-1.33.0\language-server\BOOT-INF\lib\java-properties-1.33.0-SNAPSHOT.jar;c:\Users\U
Launcher Type: SUN_STANDARD

[Global flags]
     intx CICompilerCount                          = 4                                         {product} {ergonomic}
     uint ConcGCThreads                            = 2                                         {product} {ergonomic}
     uint G1ConcRefinementThreads                  = 8                                         {product} {ergonomic}
   size_t G1HeapRegionSize                         = 1048576                                   {product} {ergonomic}
    uintx GCDrainStackTargetSize                   = 64                                        {product} {ergonomic}
   size_t InitialHeapSize                          = 134217728                                 {product} {ergonomic}
   size_t MarkStackSize                            = 4194304                                   {product} {ergonomic}
   size_t MaxHeapSize                              = 2116026368                                {product} {ergonomic}
   size_t MaxNewSize                               = 1268776960                                {product} {ergonomic}
   size_t MinHeapDeltaBytes                        = 1048576                                   {product} {ergonomic}
   size_t MinHeapSize                              = 8388608                                   {product} {ergonomic}
    uintx NonProfiledCodeHeapSize                  = 0                                      {pd product} {ergonomic}
     bool ProfileInterpreter                       = false                                  {pd product} {command line}
    uintx ProfiledCodeHeapSize                     = 0                                      {pd product} {ergonomic}
   size_t SoftMaxHeapSize                          = 2116026368                             {manageable} {ergonomic}
     intx TieredStopAtLevel                        = 1                                         {product} {command line}
     bool UseCompressedClassPointers               = true                           {product lp64_product} {ergonomic}
     bool UseCompressedOops                        = true                           {product lp64_product} {ergonomic}
     bool UseG1GC                                  = true                                      {product} {ergonomic}
     bool UseLargePagesIndividualAllocation        = false                                  {pd product} {ergonomic}

Logging:
Log output configuration:
 #0: stdout all=warning uptime,level,tags
 #1: stderr all=off uptime,level,tags

Environment Variables:
PATH=C:\Python310\Scripts\;C:\Python310\;C:\Program Files\Common Files\Oracle\Java\javapath;C:\Program Files (x86)\Common Files\Oracle\Java\javapath;C:\Windows\system32;C:\Windows;C:\Windows\System32\Wbem;C:\Windows\System32\WindowsPowerShell\v1.0\;C:\Windows\System32\OpenSSH\;C:\Program Files\nodejs\;C:\ProgramData\chocolatey\bin;C:\Program Files\Microsoft SQL Server\150\Tools\Binn\;C:\Program Files\Git\cmd;C:\android-sdk\platform-tools;C:\Users\USER\AppData\Local\Microsoft\WindowsApps;C:\Users\USER\AppData\Local\Programs\Microsoft VS Code\bin;C:\Users\USER\AppData\Roaming\npm;C:\adb;C:\Users\USER\AppData\Local\Microsoft\WindowsApps;C:\Users\USER\AppData\Local\Programs\Microsoft VS Code\bin;C:\Users\USER\AppData\Roaming\npm;C:\android-sdk\platform-tools;
USERNAME=USER
OS=Windows_NT
PROCESSOR_IDENTIFIER=Intel64 Family 6 Model 142 Stepping 10, GenuineIntel



---------------  S Y S T E M  ---------------

OS:
 Windows 11 , 64 bit Build 22000 (10.0.22000.675)
OS uptime: 3 days 2:50 hours

CPU: total 8 (initial active 8) (4 cores per cpu, 2 threads per core) family 6 model 142 stepping 10 microcode 0xe0, cx8, cmov, fxsr, ht, mmx, 3dnowpref, sse, sse2, sse3, ssse3, sse4.1, sse4.2, popcnt, lzcnt, tsc, tscinvbit, avx, avx2, aes, erms, clmul, bmi1, bmi2, adx, fma, vzeroupper, clflush, clflushopt

Memory: 4k page, system-wide physical 8065M (1010M free)
TotalPageFile size 32641M (AvailPageFile size 0M)
current process WorkingSet (physical memory assigned to process): 54M, peak: 54M
current process commit charge ("private bytes"): 210M, peak: 210M

vm_info: OpenJDK 64-Bit Server VM (17.0.2+8) for windows-amd64 JRE (17.0.2+8), built on Jan 20 2022 04:52:34 by "" with MS VC++ 16.7 (VS2019)

END.
